Arguments: 
  C:\Program Files\nodejs\node.exe C:\Program Files (x86)\Yarn\bin\yarn.js add posthtml-img-autosize

PATH: 
  C:\Program Files\Git\mingw64\bin;C:\Program Files\Git\usr\bin;C:\Users\mathe\bin;C:\Python27;C:\Python27\Scripts;C:\Windows\system32;C:\Windows;C:\Windows\System32\Wbem;C:\Windows\System32\WindowsPowerShell\v1.0;C:\Windows\System32\OpenSSH;C:\ProgramData\chocolatey\bin;C:\Program Files (x86)\Yarn\bin;C:\Users\mathe\AppData\Roaming\nvm;C:\Program Files\nodejs;C:\Program Files\Git\cmd;C:\Program Files\nodejs;C:\Users\mathe\AppData\Local\Microsoft\WindowsApps;C:\Users\mathe\AppData\Local\Yarn\bin;C:\Users\mathe\AppData\Roaming\nvm;C:\Program Files\nodejs;C:\Users\mathe\AppData\Local\Programs\Microsoft VS Code\bin;C:\Users\mathe\AppData\Roaming\npm;C:\Users\mathe\OneDrive\Documents\soundlineeventos-4fe7c-firebase-adminsdk-z9l5s-1b74772771.json

Yarn version: 
  1.21.1

Node version: 
  12.16.1

Platform: 
  win32 x64

Trace: 
  Error: EPERM: operation not permitted, unlink 'C:\Users\mathe\OneDrive\Documents\js\paercelworkframe\node_modules\deasync\bin\win32-x64-node-12\deasync.node'

npm manifest: 
  {
    "name": "paercelworkframe",
    "version": "1.0.0",
    "description": "",
    "main": "index.js",
    "scripts": {
      "start":"rm -rf ./development && rm -rf ./.cache && parcel public/index.html --out-dir development -p 3000 ",
       "build":"parcel build public/index.html --out-dir dist --public-url ./"
    },
    "keywords": [],
    "author": "",
    "license": "ISC",
    "devDependencies": {
      "@babel/core": "^7.9.0",
      "@babel/plugin-transform-runtime": "^7.9.0",
      "@babel/runtime-corejs2": "^7.9.2",
      "parcel-bundler": "^1.12.4",
      "sass": "^1.26.5"
    }
  }

yarn manifest: 
  No manifest

Lockfile: 
  No lockfile
